Arguments: 
  C:\Program Files\nodejs\node.exe C:\Program Files (x86)\Yarn\bin\yarn.js add bodyparser

PATH: 
  C:\Program Files\Git\mingw64\bin;C:\Program Files\Git\usr\bin;C:\Users\35191\bin;C:\Program Files (x86)\Common Files\Oracle\Java\javapath;C:\Program Files (x86)\Intel\Intel(R) Management Engine Components\iCLS;C:\Program Files\Intel\Intel(R) Management Engine Components\iCLS;C:\windows\system32;C:\windows;C:\windows\System32\Wbem;C:\windows\System32\WindowsPowerShell\v1.0;C:\Program Files (x86)\NVIDIA Corporation\PhysX\Common;C:\WINDOWS\system32;C:\WINDOWS;C:\WINDOWS\System32\Wbem;C:\WINDOWS\System32\WindowsPowerShell\v1.0;C:\WINDOWS\System32\OpenSSH;C:\Program Files\Java\jdk1.8.0_191\bin;C:\Program Files\NVIDIA Corporation\NVIDIA NvDLISR;C:\Program Files (x86)\Intel\Intel(R) Management Engine Components\DAL;C:\Program Files\Intel\Intel(R) Management Engine Components\DAL;C:\Android;C:\Windows\System32;C:\Program Files\PuTTY;C:\Program Files\Java\jdk-13.0.1\bin;C:\WINDOWS\system32;C:\WINDOWS;C:\WINDOWS\System32\Wbem;C:\WINDOWS\System32\WindowsPowerShell\v1.0;C:\WINDOWS\System32\OpenSSH;C:\ProgramData\chocolatey\bin;C:\Program Files (x86)\Yarn\bin;C:\Program Files\Java\jdk1.8.0_211\bin;C:\Program Files\Git\cmd;C:\Program Files\nodejs;C:\Users\35191\AppData\Local\Programs\Python\Python39\Scripts;C:\Users\35191\AppData\Local\Programs\Python\Python39;C:\Users\35191\AppData\Roaming\Microsoft\Windows\Start Menu\Programs\Python 3.9;C:\Users\35191\AppData\Local\Microsoft\WindowsApps;C:\Users\35191\AppData\Local\Programs\Microsoft VS Code\bin;C:\Users\35191\AppData\Local\Yarn\bin;C:\Users\35191\AppData\Local\atom\bin;C:\Users\35191\AppData\Local\GitHubDesktop\bin;C:\Program Files\MongoDB\Server\4.4\bin;C:\Users\35191\AppData\Local\Microsoft\WindowsApps;C:\Users\35191\AppData\Roaming\npm

Yarn version: 
  1.22.5

Node version: 
  14.16.0

Platform: 
  win32 x64

Trace: 
  Error: https://registry.yarnpkg.com/bodyparser: Not found
      at Request.params.callback [as _callback] (C:\Program Files (x86)\Yarn\lib\cli.js:66097:18)
      at Request.self.callback (C:\Program Files (x86)\Yarn\lib\cli.js:140749:22)
      at Request.emit (events.js:315:20)
      at Request.<anonymous> (C:\Program Files (x86)\Yarn\lib\cli.js:141721:10)
      at Request.emit (events.js:315:20)
      at IncomingMessage.<anonymous> (C:\Program Files (x86)\Yarn\lib\cli.js:141643:12)
      at Object.onceWrapper (events.js:421:28)
      at IncomingMessage.emit (events.js:327:22)
      at endReadableNT (internal/streams/readable.js:1327:12)
      at processTicksAndRejections (internal/process/task_queues.js:80:21)

npm manifest: 
  {
    "name": "site_imperial",
    "version": "1.0.0",
    "description": "",
    "main": "Index.js",
    "scripts": {
      "test": "echo \"Error: no test specified\" && exit 1",
      "start": "node app/server.js"
    },
    "repository": {
      "type": "git",
      "url": "git+https://github.com/OmegaP1/Site_Imperial.git"
    },
    "author": "João Veloso",
    "license": "ISC",
    "bugs": {
      "url": "https://github.com/OmegaP1/Site_Imperial/issues"
    },
    "engines": {
      "node": "14.16.0"
    },
    "homepage": "https://github.com/OmegaP1/Site_Imperial#readme",
    "dependencies": {
      "body-parser": "^1.19.0",
      "ejs": "^3.1.6",
      "express": "^4.17.1",
      "mongoose": "^5.12.0",
      "mongoose-int32": "^0.4.1"
    }
  }

yarn manifest: 
  No manifest

Lockfile: 
  No lockfile
